[2025-12-10T14:31:47.212Z] IP:::1 METHOD:GET URL:/ USER:guest
[2025-12-10T14:31:50.361Z] IP:::1 METHOD:POST URL:/login USER:guest
[2025-12-10T14:31:50.375Z] IP:::1 METHOD:GET URL:/dashboard USER:2
[2025-12-10T14:31:54.951Z] IP:::1 METHOD:GET URL:/invoice/2 USER:2
[2025-12-10T14:32:01.271Z] IP:::1 METHOD:GET URL:/invoice/3 USER:2
[2025-12-10T14:32:06.796Z] IP:::1 METHOD:GET URL:/invoice/2 USER:2
[2025-12-10T14:35:14.665Z] IP:::1 METHOD:GET URL:/ USER:guest
[2025-12-10T14:35:33.473Z] IP:::1 METHOD:POST URL:/login USER:guest
[2025-12-10T14:35:33.483Z] IP:::1 METHOD:GET URL:/dashboard USER:1
[2025-12-10T14:35:38.198Z] IP:::1 METHOD:GET URL:/invoice/1 USER:1
[2025-12-10T14:36:26.526Z] IP:::1 METHOD:GET URL:/ USER:1
[2025-12-10T14:36:28.490Z] IP:::1 METHOD:POST URL:/login USER:1
[2025-12-10T14:36:28.500Z] IP:::1 METHOD:GET URL:/dashboard USER:2
[2025-12-10T14:37:11.981Z] IP:::1 METHOD:POST URL:/login USER:2
[2025-12-10T14:37:11.990Z] IP:::1 METHOD:GET URL:/dashboard USER:2
[2025-12-10T14:37:20.855Z] IP:::1 METHOD:POST URL:/user/update USER:2
[2025-12-10T14:37:20.864Z] IP:::1 METHOD:GET URL:/dashboard USER:2
[2025-12-10T14:37:53.644Z] IP:::1 METHOD:GET URL:/debug/dump USER:2
[2025-12-10T14:38:57.329Z] IP:::1 METHOD:GET URL:/invoice/3 USER:2
[2025-12-10T14:39:03.352Z] IP:::1 METHOD:GET URL:/invoice/2 USER:2
[2025-12-10T14:41:08.530Z] IP:::1 METHOD:GET URL:/ USER:guest
[2025-12-10T14:41:10.737Z] IP:::1 METHOD:POST URL:/login USER:guest
[2025-12-10T14:41:10.747Z] IP:::1 METHOD:GET URL:/dashboard USER:2
[2025-12-10T14:41:14.683Z] IP:::1 METHOD:GET URL:/debug/dump USER:2
[2025-12-10T14:41:17.693Z] IP:::1 METHOD:GET URL:/invoice/2 USER:2
[2025-12-10T14:45:55.980Z] IP:::1 METHOD:GET URL:/ USER_ID:guest
[2025-12-10T14:45:57.857Z] IP:::1 METHOD:POST URL:/login USER_ID:guest
[2025-12-10T14:45:57.868Z] IP:::1 METHOD:GET URL:/dashboard USER_ID:2
[2025-12-10T14:46:07.446Z] IP:::1 METHOD:GET URL:/invoice/200 USER_ID:2
[2025-12-10T14:46:14.399Z] IP:::1 METHOD:GET URL:/invoice/201 USER_ID:2
[2025-12-10T14:46:47.658Z] IP:::1 METHOD:POST URL:/login USER_ID:2
[2025-12-10T14:46:47.668Z] IP:::1 METHOD:GET URL:/dashboard USER_ID:1
[2025-12-10T14:47:01.269Z] IP:::1 METHOD:GET URL:/invoice/101 USER_ID:1
[2025-12-10T14:52:42.066Z] IP:::1 METHOD:GET URL:/ USER_ID:guest
[2025-12-10T14:52:44.231Z] IP:::1 METHOD:POST URL:/login USER_ID:guest
[2025-12-10T14:52:44.237Z] IP:::1 METHOD:GET URL:/dashboard USER_ID:2
[2025-12-10T14:52:47.775Z] IP:::1 METHOD:GET URL:/user/edit?id=2 USER_ID:2
[2025-12-10T14:54:11.570Z] IP:::1 METHOD:GET URL:/debug/dump USER_ID:2
[2025-12-10T14:57:03.556Z] IP:::1 METHOD:GET URL:/ USER_ID:guest
[2025-12-10T14:57:06.437Z] IP:::1 METHOD:POST URL:/login USER_ID:guest
[2025-12-10T14:57:06.443Z] IP:::1 METHOD:GET URL:/dashboard USER_ID:2
[2025-12-10T14:57:08.877Z] IP:::1 METHOD:GET URL:/user/edit?id=2 USER_ID:2
[2025-12-10T14:57:12.364Z] IP:::1 METHOD:GET URL:/user/edit?id=3 USER_ID:2
[2025-12-10T14:57:14.594Z] IP:::1 METHOD:GET URL:/user/edit?id=4 USER_ID:2
[2025-12-10T14:57:17.936Z] IP:::1 METHOD:GET URL:/user/edit?id=1 USER_ID:2
[2025-12-10T14:58:37.564Z] IP:::1 METHOD:GET URL:/ USER_ID:guest
[2025-12-10T14:58:41.033Z] IP:::1 METHOD:POST URL:/login USER_ID:guest
[2025-12-10T14:58:41.041Z] IP:::1 METHOD:GET URL:/dashboard USER_ID:2
[2025-12-10T14:58:54.243Z] IP:::1 METHOD:GET URL:/user/edit?id=2 USER_ID:2
[2025-12-10T14:58:56.404Z] IP:::1 METHOD:GET URL:/ USER_ID:2
[2025-12-10T14:59:01.746Z] IP:::1 METHOD:POST URL:/login USER_ID:2
[2025-12-10T14:59:01.751Z] IP:::1 METHOD:GET URL:/dashboard USER_ID:1
[2025-12-10T15:00:44.949Z] IP:::1 METHOD:POST URL:/login USER_ID:1
[2025-12-10T15:00:44.955Z] IP:::1 METHOD:GET URL:/dashboard USER_ID:2
[2025-12-10T15:01:48.047Z] IP:::1 METHOD:POST URL:/login USER_ID:2
[2025-12-10T15:01:48.054Z] IP:::1 METHOD:GET URL:/dashboard USER_ID:1
[2025-12-10T15:03:20.390Z] IP:::1 METHOD:GET URL:/ USER_ID:guest
[2025-12-10T15:03:22.247Z] IP:::1 METHOD:POST URL:/login USER_ID:guest
[2025-12-10T15:03:22.253Z] IP:::1 METHOD:GET URL:/dashboard USER_ID:2
[2025-12-10T15:03:24.016Z] IP:::1 METHOD:GET URL:/invoice/200 USER_ID:2
[2025-12-10T15:03:33.830Z] IP:::1 METHOD:GET URL:/invoice/200 USER_ID:2
[2025-12-10T15:03:37.221Z] IP:::1 METHOD:GET URL:/invoice/202 USER_ID:2
[2025-12-10T15:03:40.743Z] IP:::1 METHOD:GET URL:/invoice/201 USER_ID:2
[2025-12-10T15:06:26.543Z] IP:::1 METHOD:GET URL:/ USER_ID:guest
[2025-12-10T15:06:28.584Z] IP:::1 METHOD:POST URL:/login USER_ID:guest
[2025-12-10T15:06:28.591Z] IP:::1 METHOD:GET URL:/dashboard USER_ID:2
[2025-12-10T15:06:30.687Z] IP:::1 METHOD:GET URL:/invoice/200 USER_ID:2
[2025-12-10T15:06:33.982Z] IP:::1 METHOD:GET URL:/invoice/201 USER_ID:2
[2025-12-10T15:06:36.095Z] IP:::1 METHOD:GET URL:/user/edit?id=2 USER_ID:2
[2025-12-10T15:06:43.856Z] IP:::1 METHOD:POST URL:/login USER_ID:2
[2025-12-10T15:06:43.861Z] IP:::1 METHOD:GET URL:/dashboard USER_ID:1
[2025-12-10T15:06:52.008Z] IP:::1 METHOD:GET URL:/invoice/102 USER_ID:1
[2025-12-10T15:06:58.138Z] IP:::1 METHOD:GET URL:/invoice/101 USER_ID:1
